<?xml version="1.0" encoding="UTF-8"?>
<testng-results skipped="0" failed="0" total="1" passed="1">
  <reporter-output>
  </reporter-output>
  <suite name="TestSuite" duration-ms="38757" started-at="2020-05-30T05:54:06Z" finished-at="2020-05-30T05:54:45Z">
    <groups>
    </groups>
    <test name="ChromeTest" duration-ms="38757" started-at="2020-05-30T05:54:06Z" finished-at="2020-05-30T05:54:45Z">
      <class name="com.javascript.JavascriptExecutorDemo">
        <test-method status="PASS" signature="setUpReports()[pri:0, instance:com.javascript.JavascriptExecutorDemo@10ee7cb]" name="setUpReports" is-config="true" duration-ms="1426" started-at="2020-05-30T11:24:06Z" finished-at="2020-05-30T11:24:08Z">
          <reporter-output>
          </reporter-output>
        </test-method> <!-- setUpReports -->
        <test-method status="PASS" signature="openBrowser()[pri:0, instance:com.javascript.JavascriptExecutorDemo@10ee7cb]" name="openBrowser" is-config="true" duration-ms="21589" started-at="2020-05-30T11:24:08Z" finished-at="2020-05-30T11:24:29Z">
          <reporter-output>
          </reporter-output>
        </test-method> <!-- openBrowser -->
        <test-method status="PASS" signature="senKeysByJS()[pri:9, instance:com.javascript.JavascriptExecutorDemo@10ee7cb]" name="senKeysByJS" duration-ms="12176" started-at="2020-05-30T11:24:29Z" finished-at="2020-05-30T11:24:41Z">
          <reporter-output>
          </reporter-output>
        </test-method> <!-- senKeysByJS -->
        <test-method status="PASS" signature="tearDown(org.testng.ITestResult)[pri:0, instance:com.javascript.JavascriptExecutorDemo@10ee7cb]" name="tearDown" is-config="true" duration-ms="1304" started-at="2020-05-30T11:24:42Z" finished-at="2020-05-30T11:24:43Z">
          <params>
            <param index="0">
              <value>
                <![CDATA[[TestResult name=senKeysByJS status=SUCCESS method=JavascriptExecutorDemo.senKeysByJS()[pri:9, instance:com.javascript.JavascriptExecutorDemo@10ee7cb] output={null}]]]>
              </value>
            </param>
          </params>
          <reporter-output>
          </reporter-output>
        </test-method> <!-- tearDown -->
        <test-method status="PASS" signature="endReport()[pri:0, instance:com.javascript.JavascriptExecutorDemo@10ee7cb]" name="endReport" is-config="true" duration-ms="2220" started-at="2020-05-30T11:24:43Z" finished-at="2020-05-30T11:24:45Z">
          <reporter-output>
          </reporter-output>
        </test-method> <!-- endReport -->
      </class> <!-- com.javascript.JavascriptExecutorDemo -->
    </test> <!-- ChromeTest -->
  </suite> <!-- TestSuite -->
</testng-results>
